<?xml version="1.0" encoding="UTF-8"?>
<testng-results ignored="0" total="1" passed="1" failed="0" skipped="0">
  <reporter-output>
  </reporter-output>
  <suite started-at="2024-01-23T11:46:14 IST" name="Default suite" finished-at="2024-01-23T11:46:36 IST" duration-ms="22477">
    <groups>
    </groups>
    <test started-at="2024-01-23T11:46:14 IST" name="Default test" finished-at="2024-01-23T11:46:36 IST" duration-ms="22477">
      <class name="ChatGPTAutoPostDemo">
        <test-method is-config="true" signature="instatiateDriver()[pri:0, instance:ChatGPTAutoPostDemo@4be29ed9]" started-at="2024-01-23T11:46:14 IST" name="instatiateDriver" finished-at="2024-01-23T11:46:20 IST" duration-ms="6160" status="PASS">
          <reporter-output>
          </reporter-output>
        </test-method> <!-- instatiateDriver -->
        <test-method signature="postToChatGPT()[pri:0, instance:ChatGPTAutoPostDemo@4be29ed9]" started-at="2024-01-23T11:46:20 IST" name="postToChatGPT" finished-at="2024-01-23T11:46:36 IST" duration-ms="16206" status="PASS">
          <reporter-output>
          </reporter-output>
        </test-method> <!-- postToChatGPT -->
        <test-method is-config="true" signature="closeDriver()[pri:0, instance:ChatGPTAutoPostDemo@4be29ed9]" started-at="2024-01-23T11:46:36 IST" name="closeDriver" finished-at="2024-01-23T11:46:36 IST" duration-ms="1" status="PASS">
          <reporter-output>
          </reporter-output>
        </test-method> <!-- closeDriver -->
      </class> <!-- ChatGPTAutoPostDemo -->
    </test> <!-- Default test -->
  </suite> <!-- Default suite -->
</testng-results>
